101
1 2
1 14
1 30
2 10
2 24
2 28
3 3
3 20
3 23
3 25
4 1
4 7
4 11
4 30
5 10
5 12
5 16
5 24
6 3
7 1
7 8
7 27
8 4
8 9
8 17
8 29
9 7
9 23
9 26
10 2
10 6
10 11
10 22
10 24
11 8
11 10
11 18
11 21
11 23
12 11
12 28
13 5
13 9
13 14
13 19
13 22
14 6
14 30
15 3
15 7
15 18
15 25
16 4
16 13
16 20
17 5
17 11
17 15
17 24
17 29
18 7
18 21
18 28
19 8
19 13
19 17
19 23
19 26
20 14
20 25
20 27
21 10
21 18
22 4
22 12
22 26
23 7
23 19
23 30
24 4
24 20
25 5
25 11
25 18
25 22
25 29
26 8
26 27
27 6
27 28
28 9
28 14
28 19
28 29
29 4
29 13
29 21
30 1
30 10
30 15
30 28
