2498
1 5
1 10
1 13
1 25
1 29
1 33
1 37
1 40
1 44
1 47
1 73
1 77
1 90
1 93
1 99
1 105
1 109
1 115
1 117
1 120
1 135
2 6
2 15
2 20
2 39
2 46
2 48
2 61
2 72
2 81
2 87
2 91
2 96
2 116
2 119
2 121
2 130
2 133
2 136
2 146
3 3
3 8
3 17
3 23
3 28
3 35
3 43
3 45
3 59
3 62
3 65
3 76
3 86
3 117
3 123
3 126
3 131
3 138
3 142
3 147
4 1
4 4
4 6
4 11
4 26
4 31
4 34
4 36
4 80
4 84
4 88
4 100
4 110
4 118
4 120
4 140
4 143
5 7
5 20
5 32
5 44
5 56
5 75
5 78
5 82
5 86
5 98
5 106
5 113
5 127
6 5
6 10
6 12
6 17
6 27
6 41
6 47
6 63
6 73
6 102
6 116
6 125
6 145
7 2
7 6
7 11
7 19
7 24
7 35
7 52
7 64
7 80
7 89
7 96
7 103
7 119
8 1
8 9
8 13
8 22
8 33
8 58
8 68
8 76
8 83
8 85
8 90
8 97
8 99
8 108
8 120
8 126
8 132
8 147
9 4
9 11
9 14
9 16
9 18
9 21
9 29
9 38
9 49
9 53
9 57
9 60
9 75
9 87
9 98
9 102
9 138
10 3
10 7
10 10
10 22
10 30
10 36
10 56
10 70
10 77
10 79
10 84
10 95
10 101
10 118
10 124
10 128
10 136
11 13
11 19
11 23
11 31
11 38
11 42
11 48
11 52
11 54
11 63
11 67
11 73
11 76
11 91
11 106
11 111
11 114
11 119
11 134
11 137
11 140
12 2
12 15
12 17
12 21
12 32
12 44
12 47
12 58
12 75
12 78
12 82
12 85
12 88
12 93
12 100
12 103
12 107
12 117
12 128
12 139
12 144
13 4
13 19
13 35
13 42
13 49
13 68
13 108
13 113
13 123
13 125
13 138
13 143
13 147
14 12
14 39
14 64
14 69
14 72
14 77
14 80
14 86
14 91
14 105
14 112
14 116
14 122
14 134
14 146
15 4
15 9
15 13
15 22
15 30
15 33
15 47
15 57
15 62
15 66
15 74
15 83
15 92
15 101
15 104
15 106
15 111
15 115
15 121
15 124
15 129
15 136
16 1
16 6
16 14
16 21
16 28
16 35
16 40
16 53
16 71
16 81
16 87
16 107
16 120
16 126
16 140
17 4
17 34
17 41
17 45
17 50
17 55
17 60
17 76
17 86
17 114
17 128
17 134
18 2
18 11
18 32
18 47
18 53
18 56
18 63
18 89
18 93
18 103
18 105
18 112
18 123
18 127
18 130
18 142
19 1
19 8
19 12
19 15
19 26
19 29
19 51
19 58
19 65
19 69
19 79
19 84
19 104
19 107
19 114
19 116
19 125
19 128
19 132
19 140
20 2
20 9
20 13
20 22
20 24
20 28
20 42
20 50
20 55
20 59
20 66
20 78
20 94
20 101
20 112
20 122
20 124
20 130
21 3
21 10
21 17
21 23
21 27
21 31
21 33
21 38
21 46
21 49
21 52
21 58
21 60
21 72
21 77
21 80
21 83
21 90
21 95
21 98
21 105
21 114
21 129
21 138
21 144
22 6
22 26
22 32
22 45
22 56
22 68
22 70
22 76
22 81
22 86
22 88
22 91
22 97
22 100
22 102
22 110
22 113
22 115
22 135
22 140
23 24
23 27
23 52
23 59
23 78
23 80
23 87
23 92
23 96
23 116
23 130
23 146
24 9
24 14
24 16
24 18
24 25
24 28
24 34
24 39
24 50
24 62
24 93
24 104
24 114
24 133
24 138
24 147
25 5
25 17
25 41
25 43
25 52
25 56
25 61
25 66
25 89
25 94
25 98
25 112
25 121
25 123
25 130
25 136
25 142
26 2
26 8
26 13
26 22
26 30
26 45
26 64
26 77
26 79
26 82
26 91
26 97
26 124
26 131
26 135
26 145
27 5
27 9
27 15
27 29
27 31
27 40
27 54
27 59
27 69
27 83
27 85
27 89
27 95
27 100
27 111
27 118
27 127
27 133
27 139
27 141
27 143
27 147
28 2
28 8
28 11
28 17
28 21
28 25
28 36
28 38
28 43
28 56
28 65
28 72
28 76
28 80
28 99
28 101
28 109
28 117
28 128
28 146
29 6
29 10
29 15
29 23
29 28
29 35
29 37
29 48
29 53
29 64
29 68
29 73
29 79
29 87
29 100
29 110
29 112
29 134
29 137
29 140
30 4
30 8
30 25
30 36
30 40
30 52
30 59
30 71
30 78
30 84
30 90
30 97
30 111
30 116
30 119
30 122
30 125
30 139
31 7
31 19
31 28
31 34
31 42
31 44
31 54
31 58
31 62
31 67
31 75
31 79
31 94
31 99
31 105
31 114
31 118
31 126
31 135
31 142
32 2
32 10
32 27
32 56
32 63
32 65
32 68
32 80
32 91
32 100
32 133
32 141
32 145
33 4
33 15
33 23
33 37
33 43
33 45
33 53
33 61
33 76
33 98
33 112
33 127
33 142
34 7
34 13
34 19
34 32
34 40
34 47
34 55
34 57
34 60
34 62
34 70
34 78
34 83
34 89
34 93
34 100
34 109
34 113
34 121
34 123
34 125
34 128
35 2
35 8
35 35
35 39
35 42
35 44
35 48
35 54
35 64
35 73
35 82
35 88
35 96
35 107
35 110
35 119
35 124
35 139
36 4
36 18
36 31
36 36
36 46
36 59
36 71
36 87
36 103
36 109
36 112
36 115
36 122
36 133
37 3
37 9
37 11
37 15
37 20
37 22
37 34
37 43
37 72
37 79
37 91
37 98
37 105
37 118
37 127
37 138
37 140
38 2
38 12
38 16
38 19
38 24
38 29
38 33
38 40
38 45
38 56
38 61
38 80
38 84
38 104
38 107
38 116
38 124
38 139
38 146
39 21
39 37
39 42
39 47
39 52
39 58
39 66
39 74
39 79
39 92
39 96
39 115
39 118
39 126
39 129
39 133
39 141
40 4
40 9
40 15
40 32
40 38
40 44
40 48
40 57
40 59
40 67
40 78
40 83
40 85
40 90
40 110
40 124
40 128
40 131
40 145
41 8
41 10
41 17
41 23
41 27
41 35
41 40
41 56
41 66
41 89
41 97
41 105
41 114
41 116
41 122
41 144
42 6
42 9
42 13
42 24
42 33
42 37
42 43
42 46
42 53
42 60
42 69
42 77
42 88
42 93
42 99
42 101
42 112
42 120
42 130
42 139
43 8
43 18
43 34
43 51
43 57
43 67
43 72
43 75
43 79
43 100
43 103
43 114
43 121
43 127
43 137
43 145
44 2
44 10
44 27
44 44
44 59
44 63
44 91
44 94
44 99
44 108
44 111
44 115
44 135
44 139
44 146
45 5
45 11
45 15
45 36
45 41
45 45
45 50
45 68
45 86
45 93
45 107
45 114
45 126
45 137
45 143
46 10
46 31
46 38
46 53
46 64
46 74
46 84
46 97
46 105
46 112
46 116
46 121
46 139
47 13
47 34
47 55
47 67
47 71
47 79
47 90
47 96
47 98
47 111
47 129
47 136
47 138
48 3
48 8
48 14
48 27
48 37
48 46
48 58
48 63
48 68
48 87
48 91
48 94
48 110
48 113
48 122
48 131
48 142
48 146
49 4
49 9
49 33
49 38
49 55
49 74
49 77
49 90
49 95
49 111
49 117
49 123
49 134
49 138
49 144
50 5
50 25
50 31
50 36
50 40
50 49
50 53
50 67
50 75
50 80
50 82
50 94
50 101
50 104
50 114
50 142
51 7
51 10
51 28
51 33
51 39
51 43
51 54
51 62
51 79
51 99
51 118
51 133
51 146
52 2
52 17
52 24
52 26
52 36
52 40
52 48
52 55
52 64
52 70
52 78
52 81
52 102
52 113
52 119
52 130
52 140
52 145
53 3
53 14
53 23
53 27
53 31
53 38
53 54
53 68
53 73
53 79
53 104
53 115
53 138
53 144
54 9
54 13
54 18
54 22
54 28
54 36
54 51
54 64
54 66
54 71
54 87
54 109
54 114
54 121
54 131
54 146
55 4
55 21
55 30
55 32
55 34
55 42
55 50
55 52
55 69
55 73
55 78
55 98
55 103
55 108
55 111
55 116
55 129
55 132
55 135
55 145
56 9
56 15
56 35
56 39
56 45
56 47
56 56
56 77
56 84
56 88
56 100
56 104
56 114
56 122
56 131
56 143
57 8
57 14
57 31
57 37
57 62
57 65
57 68
57 72
57 75
57 86
57 94
57 101
57 105
57 110
57 117
57 123
57 128
57 133
57 137
57 144
58 4
58 15
58 19
58 35
58 46
58 63
58 66
58 71
58 81
58 83
58 91
58 102
58 107
58 113
58 119
58 127
58 140
58 147
59 16
59 26
59 33
59 40
59 57
59 62
59 76
59 80
59 82
59 94
59 100
59 103
59 108
59 114
59 118
59 120
59 125
59 129
59 133
59 146
60 11
60 21
60 25
60 29
60 54
60 73
60 84
60 96
60 104
60 116
60 128
60 135
60 145
61 9
61 17
61 27
61 40
61 42
61 51
61 53
61 59
61 61
61 64
61 75
61 81
61 83
61 86
61 89
61 92
61 98
61 102
61 109
61 124
61 131
61 144
62 10
62 26
62 28
62 31
62 37
62 52
62 55
62 58
62 70
62 87
62 101
62 103
62 125
62 142
62 146
63 2
63 7
63 13
63 22
63 27
63 46
63 54
63 63
63 77
63 86
63 93
63 99
63 112
63 126
63 139
63 143
63 147
64 6
64 17
64 30
64 41
64 45
64 69
64 72
64 74
64 84
64 91
64 98
64 100
64 123
64 127
64 142
65 11
65 15
65 26
65 29
65 34
65 38
65 40
65 43
65 51
65 56
65 71
65 94
65 102
65 110
65 114
65 119
65 131
65 141
65 147
66 3
66 10
66 13
66 19
66 22
66 27
66 41
66 63
66 67
66 73
66 86
66 108
66 111
66 120
66 124
67 2
67 4
67 16
67 23
67 33
67 39
67 55
67 60
67 64
67 75
67 109
67 113
67 122
68 24
68 34
68 47
68 61
68 68
68 73
68 76
68 92
68 95
68 105
68 115
68 129
68 139
69 3
69 11
69 17
69 22
69 29
69 48
69 64
69 71
69 77
69 85
69 102
69 111
69 118
69 126
69 134
70 15
70 30
70 32
70 36
70 47
70 51
70 58
70 76
70 80
70 94
70 109
70 119
70 124
70 133
70 146
71 12
71 20
71 26
71 31
71 45
71 61
71 66
71 78
71 81
71 87
71 93
71 99
71 108
71 122
71 142
72 4
72 14
72 16
72 19
72 24
72 27
72 48
72 67
72 80
72 90
72 94
72 100
72 104
72 106
72 110
72 115
72 118
72 129
72 138
73 3
73 7
73 15
73 17
73 25
73 28
73 30
73 34
73 51
73 59
73 62
73 65
73 78
73 81
73 89
73 101
73 107
73 117
73 133
73 137
74 8
74 16
74 22
74 32
74 36
74 43
74 53
74 58
74 71
74 80
74 88
74 98
74 116
74 128
74 134
74 140
74 147
75 2
75 21
75 35
75 38
75 50
75 84
75 99
75 112
75 124
75 131
75 145
76 9
76 25
76 34
76 36
76 41
76 47
76 105
76 109
76 116
76 120
76 127
76 139
76 143
77 10
77 24
77 27
77 32
77 37
77 39
77 44
77 48
77 51
77 55
77 73
77 82
77 85
77 101
77 117
77 136
77 142
78 4
78 20
78 33
78 36
78 42
78 57
78 68
78 76
78 86
78 96
78 100
78 102
78 104
78 124
78 130
78 132
78 138
78 141
78 143
78 146
79 18
79 22
79 25
79 29
79 38
79 53
79 61
79 73
79 85
79 99
79 112
79 131
79 142
80 4
80 12
80 23
80 27
80 46
80 57
80 63
80 74
80 84
80 87
80 91
80 101
80 103
80 127
80 136
80 140
80 144
81 13
81 19
81 26
81 31
81 35
81 41
81 50
81 56
81 62
81 67
81 78
81 80
81 90
81 113
81 128
81 138
82 16
82 24
82 38
82 49
82 52
82 55
82 96
82 102
82 106
82 111
82 121
82 123
82 125
82 132
82 136
82 142
83 9
83 15
83 17
83 19
83 27
83 32
83 34
83 45
83 48
83 58
83 64
83 74
83 77
83 95
83 109
83 124
83 135
83 139
83 147
84 1
84 8
84 35
84 44
84 47
84 50
84 53
84 57
84 66
84 72
84 75
84 79
84 106
84 112
84 114
84 122
84 129
84 138
84 143
85 4
85 13
85 18
85 24
85 31
85 55
85 63
85 68
85 70
85 76
85 78
85 85
85 89
85 93
85 104
85 118
85 120
85 134
85 136
86 3
86 7
86 11
86 16
86 21
86 26
86 33
86 46
86 52
86 54
86 60
86 69
86 77
86 97
86 103
86 110
86 113
86 147
87 2
87 5
87 15
87 18
87 23
87 28
87 37
87 49
87 61
87 71
87 81
87 87
87 90
87 94
87 101
87 111
87 119
87 137
88 10
88 19
88 27
88 42
88 48
88 55
88 66
88 77
88 85
88 113
88 117
88 121
88 126
88 145
89 1
89 4
89 6
89 8
89 17
89 20
89 24
89 31
89 36
89 39
89 44
89 51
89 53
89 58
89 76
89 82
89 93
89 98
89 100
89 119
89 125
89 128
89 132
89 138
90 3
90 7
90 11
90 16
90 27
90 29
90 46
90 50
90 72
90 80
90 92
90 95
90 104
90 107
90 118
90 120
90 127
90 130
90 137
91 5
91 8
91 10
91 15
91 20
91 35
91 41
91 49
91 59
91 67
91 71
91 73
91 77
91 97
91 119
91 125
91 134
91 139
91 147
92 2
92 6
92 13
92 17
92 23
92 46
92 52
92 68
92 72
92 85
92 89
92 93
92 103
92 110
92 129
92 135
92 138
93 4
93 19
93 26
93 55
93 66
93 69
93 84
93 87
93 96
93 104
93 108
93 116
93 119
93 140
93 143
94 11
94 20
94 33
94 42
94 53
94 74
94 85
94 88
94 90
94 95
94 100
94 105
94 110
94 126
94 134
94 142
94 145
95 1
95 4
95 12
95 19
95 27
95 35
95 43
95 45
95 59
95 62
95 68
95 76
95 78
95 83
95 87
95 97
95 101
95 108
95 122
95 129
95 137
96 2
96 9
96 21
96 31
96 37
96 41
96 53
96 63
96 85
96 92
96 95
96 99
96 130
96 139
96 143
97 3
97 15
97 26
97 39
97 42
97 46
97 49
97 58
97 60
97 71
97 77
97 91
97 94
97 104
97 119
97 126
97 142
98 1
98 13
98 19
98 44
98 59
98 65
98 72
98 97
98 107
98 111
98 115
98 117
98 124
98 146
99 3
99 11
99 16
99 23
99 28
99 32
99 38
99 41
99 52
99 74
99 87
99 98
99 104
99 112
99 118
99 127
99 136
99 147
100 6
100 9
100 18
100 20
100 33
100 35
100 49
100 57
100 62
100 72
100 85
100 95
100 113
100 125
100 138
101 8
101 22
101 26
101 30
101 36
101 47
101 50
101 56
101 60
101 71
101 109
101 119
101 124
101 131
101 140
101 147
102 4
102 10
102 14
102 21
102 40
102 45
102 49
102 63
102 70
102 90
102 93
102 96
102 101
102 110
102 115
102 120
102 125
102 130
102 132
102 137
102 142
102 145
103 2
103 8
103 17
103 31
103 75
103 92
103 95
103 99
103 117
103 126
103 131
103 143
104 4
104 11
104 20
104 27
104 33
104 42
104 47
104 58
104 66
104 71
104 81
104 85
104 97
104 104
104 121
104 136
104 147
105 9
105 16
105 19
105 23
105 25
105 37
105 45
105 57
105 64
105 68
105 101
105 103
105 109
105 111
105 128
105 138
106 5
106 12
106 21
106 35
106 39
106 50
106 52
106 67
106 72
106 90
106 100
106 105
106 114
106 120
106 133
106 139
107 3
107 11
107 14
107 36
107 40
107 44
107 51
107 62
107 70
107 80
107 87
107 89
107 94
107 102
107 110
107 115
107 122
107 131
107 134
108 4
108 10
108 12
108 24
108 30
108 33
108 41
108 55
108 59
108 66
108 69
108 73
108 83
108 86
108 107
108 113
108 124
108 132
108 147
109 3
109 13
109 25
109 28
109 31
109 43
109 65
109 71
109 78
109 85
109 88
109 91
109 104
109 117
109 127
109 130
110 6
110 15
110 32
110 40
110 46
110 49
110 57
110 61
110 63
110 67
110 74
110 81
110 87
110 89
110 107
110 119
110 136
110 138
111 35
111 41
111 60
111 72
111 80
111 82
111 93
111 103
111 116
111 122
111 128
111 134
111 145
112 3
112 20
112 31
112 40
112 47
112 51
112 56
112 59
112 71
112 86
112 88
112 92
112 95
112 97
112 118
112 127
113 13
113 18
113 24
113 34
113 39
113 50
113 65
113 68
113 87
113 93
113 99
113 106
113 108
113 119
113 135
113 146
114 5
114 7
114 19
114 37
114 45
114 54
114 57
114 63
114 76
114 80
114 98
114 120
114 126
115 38
115 42
115 46
115 69
115 81
115 105
115 107
115 117
115 122
115 129
115 131
115 144
116 2
116 11
116 17
116 20
116 25
116 30
116 35
116 40
116 44
116 59
116 67
116 70
116 76
116 78
116 85
116 130
116 141
116 147
117 3
117 6
117 12
117 28
117 45
117 53
117 60
117 65
117 68
117 82
117 96
117 106
117 108
117 110
117 119
117 125
117 140
117 143
118 9
118 18
118 34
118 40
118 46
118 59
118 63
118 77
118 104
118 109
118 123
118 127
118 139
119 8
119 13
119 16
119 33
119 43
119 67
119 87
119 93
119 101
119 107
119 122
119 135
119 141
119 146
120 5
120 10
120 21
120 28
120 38
120 48
120 52
120 74
120 81
120 92
120 97
120 100
120 104
120 109
120 115
120 124
120 130
120 136
120 142
120 147
121 17
121 20
121 44
121 50
121 56
121 60
121 64
121 75
121 99
121 114
121 116
121 127
121 140
122 9
122 16
122 26
122 36
122 40
122 45
122 71
122 77
122 88
122 93
122 98
122 103
122 106
122 110
122 115
122 126
122 128
122 135
122 138
122 145
123 2
123 10
123 18
123 25
123 27
123 34
123 38
123 61
123 66
123 69
123 73
123 78
123 80
123 97
123 101
123 104
123 112
123 121
123 123
123 129
123 133
123 136
124 1
124 11
124 26
124 41
124 59
124 64
124 75
124 109
124 125
124 135
124 137
124 139
124 147
125 3
125 13
125 20
125 32
125 46
125 54
125 60
125 67
125 79
125 85
125 90
125 99
125 107
125 117
125 122
125 127
125 132
125 134
126 1
126 5
126 15
126 17
126 19
126 29
126 34
126 39
126 42
126 51
126 56
126 63
126 72
126 74
126 89
126 91
126 109
126 124
126 128
126 138
126 147
127 18
127 35
127 38
127 41
127 46
127 75
127 86
127 90
127 92
127 96
127 103
127 105
127 111
127 114
127 125
127 133
127 142
128 4
128 13
128 32
128 36
128 42
128 48
128 52
128 60
128 65
128 68
128 73
128 84
128 104
128 113
128 119
128 138
128 141
128 146
129 6
129 12
129 16
129 24
129 26
129 28
129 35
129 40
129 47
129 50
129 61
129 81
129 91
129 100
129 103
129 108
129 117
129 130
129 136
129 144
130 9
130 18
130 29
130 33
130 37
130 45
130 51
130 62
130 64
130 67
130 71
130 74
130 87
130 94
130 98
130 107
130 115
130 118
130 131
130 137
131 5
131 11
131 22
131 27
131 32
131 42
131 49
131 57
131 83
131 99
131 106
131 109
131 128
131 132
131 140
131 142
131 145
132 8
132 16
132 46
132 54
132 63
132 66
132 70
132 75
132 78
132 88
132 97
132 100
132 112
132 127
132 133
132 141
132 147
133 5
133 13
133 25
133 44
133 49
133 59
133 65
133 69
133 73
133 98
133 102
133 111
133 113
133 118
133 126
133 130
133 144
134 3
134 9
134 12
134 20
134 23
134 27
134 34
134 41
134 45
134 51
134 55
134 60
134 71
134 77
134 91
134 100
134 112
134 116
134 129
134 138
134 146
135 4
135 14
135 22
135 50
135 62
135 90
135 93
135 107
135 117
135 126
135 139
135 144
136 2
136 6
136 11
136 15
136 25
136 46
136 53
136 56
136 63
136 69
136 74
136 87
136 100
136 106
136 109
136 115
136 123
136 128
136 138
136 140
137 4
137 8
137 12
137 19
137 21
137 31
137 38
137 60
137 67
137 76
137 80
137 85
137 92
137 102
137 137
137 139
138 3
138 16
138 18
138 22
138 42
138 53
138 58
138 61
138 64
138 69
138 83
138 90
138 95
138 104
138 108
138 112
138 130
138 146
139 2
139 17
139 25
139 37
139 43
139 48
139 51
139 78
139 91
139 93
139 96
139 101
139 109
139 114
139 117
139 132
139 145
140 11
140 21
140 24
140 29
140 34
140 55
140 62
140 73
140 75
140 94
140 103
140 122
140 126
140 136
140 138
140 140
141 14
141 19
141 22
141 40
141 44
141 51
141 77
141 82
141 92
141 98
141 105
141 113
141 124
141 134
141 137
142 6
142 10
142 17
142 20
142 23
142 31
142 36
142 38
142 43
142 54
142 57
142 63
142 87
142 94
142 103
142 109
142 122
142 147
143 3
143 5
143 21
143 28
143 30
143 32
143 34
143 52
143 68
143 71
143 84
143 86
143 97
143 107
143 110
143 114
143 127
143 130
143 133
143 135
143 143
144 4
144 11
144 31
144 49
144 62
144 64
144 66
144 70
144 79
144 82
144 96
144 99
144 102
144 113
144 116
144 119
144 121
144 125
144 132
144 140
145 3
145 12
145 14
145 24
145 29
145 37
145 46
145 50
145 63
145 65
145 69
145 72
145 76
145 98
145 105
145 114
145 129
145 134
145 146
146 7
146 20
146 22
146 27
146 33
146 35
146 39
146 42
146 55
146 78
146 96
146 117
146 126
146 130
146 147
147 9
147 18
147 31
147 34
147 43
147 60
147 64
147 83
147 90
147 93
147 97
147 101
147 107
147 109
147 112
147 122
147 128
147 136
